<?xml version="1.0" encoding="UTF-8"?>
<testng-results skipped="0" failed="0" total="1" passed="1">
  <reporter-output>
  </reporter-output>
  <suite name="Default suite" duration-ms="8715" started-at="2020-01-22T15:26:34Z" finished-at="2020-01-22T15:26:43Z">
    <groups>
    </groups>
    <test name="Default test" duration-ms="8715" started-at="2020-01-22T15:26:34Z" finished-at="2020-01-22T15:26:43Z">
      <class name="test.TC_1">
        <test-method status="PASS" signature="SetUP()[pri:0, instance:test.TC_1@8bd1b6a]" name="SetUP" is-config="true" duration-ms="8679" started-at="2020-01-22T20:56:34Z" finished-at="2020-01-22T20:56:43Z">
          <reporter-output>
          </reporter-output>
        </test-method> <!-- SetUP -->
        <test-method status="PASS" signature="test()[pri:0, instance:test.TC_1@8bd1b6a]" name="test" duration-ms="12" started-at="2020-01-22T20:56:43Z" finished-at="2020-01-22T20:56:43Z">
          <reporter-output>
          </reporter-output>
        </test-method> <!-- test -->
      </class> <!-- test.TC_1 -->
    </test> <!-- Default test -->
  </suite> <!-- Default suite -->
</testng-results>
